<?xml version="1.0" encoding="UTF-8"?>
<testsuite xmlns:xsi="http://www.w3.org/2001/XMLSchema-instance" xsi:noNamespaceSchemaLocation="https://maven.apache.org/surefire/maven-surefire-plugin/xsd/surefire-test-report.xsd" name="com.example.infrastructure.persistence.PaginationPerformanceComparisonTest" time="0.211" tests="1" errors="0" skipped="0" failures="0">
  <properties>
[...]
</properties>
  <testcase name="testCursorConsistency" classname="com.example.infrastructure.persistence.PaginationPerformanceComparisonTest" time="0.052"/>
</testsuite>